<?xml version="1.0" encoding="UTF-8"?>
<testsuite xmlns:xsi="http://www.w3.org/2001/XMLSchema-instance" xsi:noNamespaceSchemaLocation="https://maven.apache.org/surefire/maven-surefire-plugin/xsd/surefire-test-report-3.0.xsd" version="3.0" name="com.perkash.employee.employee_shift_manager.ShiftAssignmentManagerTest" time="0.127" tests="2" errors="0" skipped="0" failures="1">
  <properties>
[...]
</properties>
  <testcase name="testRemoveEmployee" classname="com.perkash.employee.employee_shift_manager.ShiftAssignmentManagerTest" time="0.009"/>
  <testcase name="testAddAndGetEmployee" classname="com.perkash.employee.employee_shift_manager.ShiftAssignmentManagerTest" time="0.088">
    <failure message="expected: &lt;Jane Doe&gt; but was: &lt;perkashlal&gt;" type="org.opentest4j.AssertionFailedError"><![CDATA[org.opentest4j.AssertionFailedError: expected: <Jane Doe> but was: <perkashlal>
	at org.junit.jupiter.api.AssertionFailureBuilder.build(AssertionFailureBuilder.java:151)
	at org.junit.jupiter.api.AssertionFailureBuilder.buildAndThrow(AssertionFailureBuilder.java:132)
	at org.junit.jupiter.api.AssertEquals.failNotEqual(AssertEquals.java:197)
	at org.junit.jupiter.api.AssertEquals.assertEquals(AssertEquals.java:182)
	at org.junit.jupiter.api.AssertEquals.assertEquals(AssertEquals.java:177)
	at org.junit.jupiter.api.Assertions.assertEquals(Assertions.java:1141)
	at com.perkash.employee.employee_shift_manager.ShiftAssignmentManagerTest.testAddAndGetEmployee(ShiftAssignmentManagerTest.java:19)
	at java.base/java.lang.reflect.Method.invoke(Method.java:580)
	at java.base/java.util.ArrayList.forEach(ArrayList.java:1596)
	at java.base/java.util.ArrayList.forEach(ArrayList.java:1596)
]]></failure>
  </testcase>
</testsuite>